<?xml version="1.0" encoding="UTF-8"?>
<!-- Generated by org.testng.reporters.JUnitReportReporter -->
<testsuite hostname="DESKTOP-QVFICS5" failures="0" tests="8" name="com.DemoPOM.TestPage1" time="69.271" errors="0" timestamp="2022-12-23T23:27:51 EST" skipped="0">
  <testcase classname="com.DemoPOM.TestPage1" name="Test4" time="15.581"/>
  <system-out/>
  <testcase classname="com.DemoPOM.TestPage1" name="Test7" time="22.404"/>
  <system-out/>
  <testcase classname="com.DemoPOM.TestPage1" name="Test1" time="2.401"/>
  <system-out/>
  <testcase classname="com.DemoPOM.TestPage1" name="Test8" time="9.128"/>
  <system-out/>
  <testcase classname="com.DemoPOM.TestPage1" name="Test2" time="0.101"/>
  <system-out/>
  <testcase classname="com.DemoPOM.TestPage1" name="Test6" time="12.397"/>
  <system-out/>
  <testcase classname="com.DemoPOM.TestPage1" name="Test5" time="7.205"/>
  <system-out/>
  <testcase classname="com.DemoPOM.TestPage1" name="Test3" time="0.054"/>
  <system-out/>
</testsuite> <!-- com.DemoPOM.TestPage1 -->
